# JRE version: Java(TM) SE Runtime Environment (20.0+36) (build 20+36-2344)
# Java VM: Java HotSpot(TM) 64-Bit Server VM (20+36-2344, mixed mode, sharing, tiered, compressed oops, compressed class ptrs, g1 gc, windows-amd64)
GC Precious Log:
 CardTable entry size: 512
 Card Set container configuration: InlinePtr #cards 5 size 8 Array Of Cards #cards 12 size 40 Howl #buckets 4 coarsen threshold 1843 Howl Bitmap #cards 512 size 80 coarsen threshold 460 Card regions per heap region 1 cards per card region 2048
 CPUs: 12 total, 12 available
 Memory: 7520M
 Large Page Support: Disabled
 NUMA Support: Disabled
 Compressed Oops: Enabled (32-bit)
 Heap Region Size: 1M
 Heap Min Capacity: 8M
 Heap Initial Capacity: 118M
 Heap Max Capacity: 1882M
 Pre-touch: Disabled
 Parallel Workers: 10
 Concurrent Workers: 3
 Concurrent Refinement Workers: 10
 Periodic GC: Disabled
Heap:
 garbage-first heap   total 143360K, used 89352K [0x000000008a600000, 0x0000000100000000)
  region size 1024K, 7 young (7168K), 3 survivors (3072K)
 Metaspace       used 58824K, committed 59136K, reserved 1114112K
  class space    used 6700K, committed 6848K, reserved 1048576K
GC Heap History (20 events):
Event: 7.401 GC heap before
{Heap before GC invocations=9 (full 0):
 garbage-first heap   total 84992K, used 66449K [0x000000008a600000, 0x0000000100000000)
  region size 1024K, 30 young (30720K), 3 survivors (3072K)
 Metaspace       used 39653K, committed 40000K, reserved 1114112K
  class space    used 4636K, committed 4800K, reserved 1048576K
}
Event: 7.415 GC heap after
{Heap after GC invocations=10 (full 0):
 garbage-first heap   total 84992K, used 44008K [0x000000008a600000, 0x0000000100000000)
  region size 1024K, 4 young (4096K), 4 survivors (4096K)
 Metaspace       used 39653K, committed 40000K, reserved 1114112K
  class space    used 4636K, committed 4800K, reserved 1048576K
}
Event: 7.627 GC heap before
{Heap before GC invocations=10 (full 0):
 garbage-first heap   total 84992K, used 69608K [0x000000008a600000, 0x0000000100000000)
  region size 1024K, 29 young (29696K), 4 survivors (4096K)
 Metaspace       used 40109K, committed 40384K, reserved 1114112K
  class space    used 4666K, committed 4800K, reserved 1048576K
}
Event: 7.647 GC heap after
{Heap after GC invocations=11 (full 0):
 garbage-first heap   total 84992K, used 52200K [0x000000008a600000, 0x0000000100000000)
  region size 1024K, 4 young (4096K), 4 survivors (4096K)
 Metaspace       used 40109K, committed 40384K, reserved 1114112K
  class space    used 4666K, committed 4800K, reserved 1048576K
}
Event: 9.165 GC heap before
{Heap before GC invocations=11 (full 0):
 garbage-first heap   total 84992K, used 70632K [0x000000008a600000, 0x0000000100000000)
  region size 1024K, 23 young (23552K), 4 survivors (4096K)
 Metaspace       used 44910K, committed 45184K, reserved 1114112K
  class space    used 5283K, committed 5440K, reserved 1048576K
}
Event: 9.176 GC heap after
{Heap after GC invocations=12 (full 0):
 garbage-first heap   total 84992K, used 54124K [0x000000008a600000, 0x0000000100000000)
  region size 1024K, 2 young (2048K), 2 survivors (2048K)
 Metaspace       used 44910K, committed 45184K, reserved 1114112K
  class space    used 5283K, committed 5440K, reserved 1048576K
}
Event: 10.110 GC heap before
{Heap before GC invocations=13 (full 0):
 garbage-first heap   total 94208K, used 72556K [0x000000008a600000, 0x0000000100000000)
  region size 1024K, 20 young (20480K), 2 survivors (2048K)
 Metaspace       used 48071K, committed 48384K, reserved 1114112K
  class space    used 5666K, committed 5824K, reserved 1048576K
}
Event: 10.120 GC heap after
{Heap after GC invocations=14 (full 0):
 garbage-first heap   total 94208K, used 56761K [0x000000008a600000, 0x0000000100000000)
  region size 1024K, 3 young (3072K), 3 survivors (3072K)
 Metaspace       used 48071K, committed 48384K, reserved 1114112K
  class space    used 5666K, committed 5824K, reserved 1048576K
}
Event: 10.896 GC heap before
{Heap before GC invocations=14 (full 0):
 garbage-first heap   total 94208K, used 80313K [0x000000008a600000, 0x0000000100000000)
  region size 1024K, 26 young (26624K), 3 survivors (3072K)
 Metaspace       used 49943K, committed 50240K, reserved 1114112K
  class space    used 5878K, committed 6016K, reserved 1048576K
}
Event: 10.919 GC heap after
{Heap after GC invocations=15 (full 0):
 garbage-first heap   total 94208K, used 63126K [0x000000008a600000, 0x0000000100000000)
  region size 1024K, 4 young (4096K), 4 survivors (4096K)
 Metaspace       used 49943K, committed 50240K, reserved 1114112K
  class space    used 5878K, committed 6016K, reserved 1048576K
}
Event: 11.634 GC heap before
{Heap before GC invocations=15 (full 0):
 garbage-first heap   total 94208K, used 81558K [0x000000008a600000, 0x0000000100000000)
  region size 1024K, 22 young (22528K), 4 survivors (4096K)
 Metaspace       used 50602K, committed 50880K, reserved 1114112K
  class space    used 5931K, committed 6080K, reserved 1048576K
}
Event: 11.659 GC heap after
{Heap after GC invocations=16 (full 0):
 garbage-first heap   total 124928K, used 67539K [0x000000008a600000, 0x0000000100000000)
  region size 1024K, 3 young (3072K), 3 survivors (3072K)
 Metaspace       used 50602K, committed 50880K, reserved 1114112K
  class space    used 5931K, committed 6080K, reserved 1048576K
}
Event: 13.790 GC heap before
{Heap before GC invocations=17 (full 0):
 garbage-first heap   total 124928K, used 105427K [0x000000008a600000, 0x0000000100000000)
  region size 1024K, 40 young (40960K), 3 survivors (3072K)
 Metaspace       used 54838K, committed 55168K, reserved 1114112K
  class space    used 6368K, committed 6528K, reserved 1048576K
}
Event: 13.814 GC heap after
{Heap after GC invocations=18 (full 0):
 garbage-first heap   total 124928K, used 73659K [0x000000008a600000, 0x0000000100000000)
  region size 1024K, 5 young (5120K), 5 survivors (5120K)
 Metaspace       used 54838K, committed 55168K, reserved 1114112K
  class space    used 6368K, committed 6528K, reserved 1048576K
}
Event: 14.818 GC heap before
{Heap before GC invocations=18 (full 0):
 garbage-first heap   total 124928K, used 107451K [0x000000008a600000, 0x0000000100000000)
  region size 1024K, 38 young (38912K), 5 survivors (5120K)
 Metaspace       used 56613K, committed 56960K, reserved 1114112K
  class space    used 6577K, committed 6720K, reserved 1048576K
}
Event: 14.844 GC heap after
{Heap after GC invocations=19 (full 0):
 garbage-first heap   total 124928K, used 80246K [0x000000008a600000, 0x0000000100000000)
  region size 1024K, 5 young (5120K), 5 survivors (5120K)
 Metaspace       used 56613K, committed 56960K, reserved 1114112K
  class space    used 6577K, committed 6720K, reserved 1048576K
}
Event: 16.069 GC heap before
{Heap before GC invocations=19 (full 0):
 garbage-first heap   total 124928K, used 107894K [0x000000008a600000, 0x0000000100000000)
  region size 1024K, 32 young (32768K), 5 survivors (5120K)
 Metaspace       used 57932K, committed 58240K, reserved 1114112K
  class space    used 6658K, committed 6784K, reserved 1048576K
}
Event: 16.096 GC heap after
{Heap after GC invocations=20 (full 0):
 garbage-first heap   total 124928K, used 85480K [0x000000008a600000, 0x0000000100000000)
  region size 1024K, 4 young (4096K), 4 survivors (4096K)
 Metaspace       used 57932K, committed 58240K, reserved 1114112K
  class space    used 6658K, committed 6784K, reserved 1048576K
}
Event: 18.382 GC heap before
{Heap before GC invocations=21 (full 0):
 garbage-first heap   total 143360K, used 109032K [0x000000008a600000, 0x0000000100000000)
  region size 1024K, 28 young (28672K), 4 survivors (4096K)
 Metaspace       used 58697K, committed 59008K, reserved 1114112K
  class space    used 6695K, committed 6848K, reserved 1048576K
}
Event: 18.396 GC heap after
{Heap after GC invocations=22 (full 0):
 garbage-first heap   total 143360K, used 87304K [0x000000008a600000, 0x0000000100000000)
  region size 1024K, 3 young (3072K), 3 survivors (3072K)
 Metaspace       used 58697K, committed 59008K, reserved 1114112K
  class space    used 6695K, committed 6848K, reserved 1048576K
}

